<?xml version="1.0" encoding="UTF-8"?>
<!-- Generated by org.testng.reporters.JUnitReportReporter -->
<testsuite hostname="QSpiders" failures="0" tests="1" name="com.ShoppersStack_TestScripts.TC_02_VerifyUserIsAbleToDeleteAddressOrNot" time="20.077" errors="0" timestamp="2025-09-13T12:36:08 IST" skipped="0">
  <testcase classname="com.ShoppersStack_TestScripts.TC_02_VerifyUserIsAbleToDeleteAddressOrNot" name="deleteAddress" time="20.077"/>
</testsuite> <!-- com.ShoppersStack_TestScripts.TC_02_VerifyUserIsAbleToDeleteAddressOrNot -->
