<?xml version="1.0" encoding="UTF-8"?>
<!-- Generated by org.testng.reporters.JUnitReportReporter -->
<testsuite hostname="QSpiders" failures="0" tests="1" name="com.ShoppersStack_TestScripts.TC_01_VerifyUserIsAbleToAddAddressOrNot_Test" time="30.803" errors="0" timestamp="2025-09-20T09:49:53 IST" skipped="0">
  <testcase classname="com.ShoppersStack_TestScripts.TC_01_VerifyUserIsAbleToAddAddressOrNot_Test" name="addAddress" time="30.803"/>
</testsuite> <!-- com.ShoppersStack_TestScripts.TC_01_VerifyUserIsAbleToAddAddressOrNot_Test -->
