<?xml version="1.0" encoding="UTF-8"?>
<!-- Generated by org.testng.reporters.JUnitReportReporter -->
<testsuite hostname="QSpiders" failures="0" tests="1" name="com.ShoppersStack_TestScripts.TC_01_VerifyUserIsAbleToAddAddressOrNot" time="25.932" errors="0" timestamp="2025-09-13T10:43:37 IST" skipped="0">
  <testcase classname="com.ShoppersStack_TestScripts.TC_01_VerifyUserIsAbleToAddAddressOrNot" name="addAddress" time="25.932"/>
</testsuite> <!-- com.ShoppersStack_TestScripts.TC_01_VerifyUserIsAbleToAddAddressOrNot -->
